2022-08-24 00:01:35.849  INFO [USER,,] 9181 --- [main] c.c.c.ConfigServicePropertySourceLocator : Fetching config from server at : http://localhost:9269
2022-08-24 00:01:36.766  WARN [USER,,] 9181 --- [main] c.c.c.ConfigServicePropertySourceLocator : Could not locate PropertySource: None of labels [] found
2022-08-24 00:01:36.807  INFO [USER,,] 9181 --- [main] c.u.s.u.UserServiceApplicationTests      : The following profiles are active: native
2022-08-24 00:01:38.190  INFO [USER,,] 9181 --- [main] .s.d.r.c.RepositoryConfigurationDelegate : Bootstrapping Spring Data JPA repositories in DEFAULT mode.
2022-08-24 00:01:38.418  INFO [USER,,] 9181 --- [main] .s.d.r.c.RepositoryConfigurationDelegate : Finished Spring Data repository scanning in 220 ms. Found 2 JPA repository interfaces.
2022-08-24 00:01:38.851  INFO [USER,,] 9181 --- [main] o.s.cloud.context.scope.GenericScope     : BeanFactory id=a71fa927-1522-3327-994b-acf4ad1f405d
2022-08-24 00:01:38.952  INFO [USER,,] 9181 --- [main] ptablePropertiesBeanFactoryPostProcessor : Post-processing PropertySource instances
2022-08-24 00:01:38.952  INFO [USER,,] 9181 --- [main] c.u.j.EncryptablePropertySourceConverter : Converting PropertySource Annotations [org.springframework.boot.test.autoconfigure.properties.AnnotationsPropertySource] to EncryptableEnumerablePropertySourceWrapper
2022-08-24 00:01:38.952  INFO [USER,,] 9181 --- [main] c.u.j.EncryptablePropertySourceConverter : Skipping PropertySource configurationProperties [class org.springframework.boot.context.properties.source.ConfigurationPropertySourcesPropertySource
2022-08-24 00:01:38.953  INFO [USER,,] 9181 --- [main] c.u.j.EncryptablePropertySourceConverter : Converting PropertySource test [org.springframework.core.env.MapPropertySource] to EncryptableMapPropertySourceWrapper
2022-08-24 00:01:38.953  INFO [USER,,] 9181 --- [main] c.u.j.EncryptablePropertySourceConverter : Converting PropertySource Inlined Test Properties [org.springframework.core.env.MapPropertySource] to EncryptableMapPropertySourceWrapper
2022-08-24 00:01:38.953  INFO [USER,,] 9181 --- [main] c.u.j.EncryptablePropertySourceConverter : Skipping PropertySource servletConfigInitParams [class org.springframework.core.env.PropertySource$StubPropertySource
2022-08-24 00:01:38.953  INFO [USER,,] 9181 --- [main] c.u.j.EncryptablePropertySourceConverter : Converting PropertySource servletContextInitParams [org.springframework.web.context.support.ServletContextPropertySource] to EncryptableEnumerablePropertySourceWrapper
2022-08-24 00:01:38.953  INFO [USER,,] 9181 --- [main] c.u.j.EncryptablePropertySourceConverter : Converting PropertySource systemProperties [org.springframework.core.env.PropertiesPropertySource] to EncryptableMapPropertySourceWrapper
2022-08-24 00:01:38.953  INFO [USER,,] 9181 --- [main] c.u.j.EncryptablePropertySourceConverter : Converting PropertySource systemEnvironment [org.springframework.boot.env.SystemEnvironmentPropertySourceEnvironmentPostProcessor$OriginAwareSystemEnvironmentPropertySource] to EncryptableSystemEnvironmentPropertySourceWrapper
2022-08-24 00:01:38.953  INFO [USER,,] 9181 --- [main] c.u.j.EncryptablePropertySourceConverter : Converting PropertySource random [org.springframework.boot.env.RandomValuePropertySource] to EncryptablePropertySourceWrapper
2022-08-24 00:01:38.953  INFO [USER,,] 9181 --- [main] c.u.j.EncryptablePropertySourceConverter : Converting PropertySource cachedrandom [org.springframework.cloud.util.random.CachedRandomPropertySource] to EncryptablePropertySourceWrapper
2022-08-24 00:01:38.953  INFO [USER,,] 9181 --- [main] c.u.j.EncryptablePropertySourceConverter : Converting PropertySource springCloudClientHostInfo [org.springframework.core.env.MapPropertySource] to EncryptableMapPropertySourceWrapper
2022-08-24 00:01:38.953  INFO [USER,,] 9181 --- [main] c.u.j.EncryptablePropertySourceConverter : Converting PropertySource Config resource 'class path resource [application.yml]' via location 'optional:classpath:/' [org.springframework.boot.env.OriginTrackedMapPropertySource] to EncryptableMapPropertySourceWrapper
2022-08-24 00:01:38.954  INFO [USER,,] 9181 --- [main] c.u.j.EncryptablePropertySourceConverter : Converting PropertySource defaultProperties [org.springframework.core.env.MapPropertySource] to EncryptableMapPropertySourceWrapper
2022-08-24 00:01:38.954  INFO [USER,,] 9181 --- [main] c.u.j.EncryptablePropertySourceConverter : Converting PropertySource springCloudDefaultProperties [org.springframework.core.env.MapPropertySource] to EncryptableMapPropertySourceWrapper
2022-08-24 00:01:39.454  INFO [USER,,] 9181 --- [main] c.u.j.filter.DefaultLazyPropertyFilter   : Property Filter custom Bean not found with name 'encryptablePropertyFilter'. Initializing Default Property Filter
2022-08-24 00:01:39.469  INFO [USER,,] 9181 --- [main] c.u.j.r.DefaultLazyPropertyResolver      : Property Resolver custom Bean not found with name 'encryptablePropertyResolver'. Initializing Default Property Resolver
2022-08-24 00:01:39.469  INFO [USER,,] 9181 --- [main] c.u.j.d.DefaultLazyPropertyDetector      : Property Detector custom Bean not found with name 'encryptablePropertyDetector'. Initializing Default Property Detector
2022-08-24 00:01:39.750  INFO [USER,,] 9181 --- [main] o.hibernate.jpa.internal.util.LogHelper  : HHH000204: Processing PersistenceUnitInfo [name: default]
2022-08-24 00:01:39.807  INFO [USER,,] 9181 --- [main] org.hibernate.Version                    : HHH000412: Hibernate ORM core version 5.4.33
2022-08-24 00:01:39.946  INFO [USER,,] 9181 --- [main] o.hibernate.annotations.common.Version   : HCANN000001: Hibernate Commons Annotations {5.1.2.Final}
2022-08-24 00:01:40.175  INFO [USER,,] 9181 --- [main] com.zaxxer.hikari.HikariDataSource       : HikariPool-1 - Starting...
2022-08-24 00:01:40.514  INFO [USER,,] 9181 --- [main] com.zaxxer.hikari.HikariDataSource       : HikariPool-1 - Start completed.
2022-08-24 00:01:40.531  INFO [USER,,] 9181 --- [main] org.hibernate.dialect.Dialect            : HHH000400: Using dialect: org.hibernate.dialect.MySQL5InnoDBDialect
2022-08-24 00:01:43.664  INFO [USER,,] 9181 --- [main] o.h.e.t.j.p.i.JtaPlatformInitiator       : HHH000490: Using JtaPlatform implementation: [org.hibernate.engine.transaction.jta.platform.internal.NoJtaPlatform]
2022-08-24 00:01:43.672  INFO [USER,,] 9181 --- [main] j.LocalContainerEntityManagerFactoryBean : Initialized JPA EntityManagerFactory for persistence unit 'default'
2022-08-24 00:01:43.922  INFO [USER,,] 9181 --- [main] i.StatisticalLoggingSessionEventListener : Session Metrics {
    0 nanoseconds spent acquiring 0 JDBC connections;
    0 nanoseconds spent releasing 0 JDBC connections;
    0 nanoseconds spent preparing 0 JDBC statements;
    0 nanoseconds spent executing 0 JDBC statements;
    0 nanoseconds spent executing 0 JDBC batches;
    0 nanoseconds spent performing 0 L2C puts;
    0 nanoseconds spent performing 0 L2C hits;
    0 nanoseconds spent performing 0 L2C misses;
    0 nanoseconds spent executing 0 flushes (flushing a total of 0 entities and 0 collections);
    0 nanoseconds spent executing 0 partial-flushes (flushing a total of 0 entities and 0 collections)
}
2022-08-24 00:01:43.923  INFO [USER,,] 9181 --- [main] i.StatisticalLoggingSessionEventListener : Session Metrics {
    0 nanoseconds spent acquiring 0 JDBC connections;
    0 nanoseconds spent releasing 0 JDBC connections;
    0 nanoseconds spent preparing 0 JDBC statements;
    0 nanoseconds spent executing 0 JDBC statements;
    0 nanoseconds spent executing 0 JDBC batches;
    0 nanoseconds spent performing 0 L2C puts;
    0 nanoseconds spent performing 0 L2C hits;
    0 nanoseconds spent performing 0 L2C misses;
    0 nanoseconds spent executing 0 flushes (flushing a total of 0 entities and 0 collections);
    0 nanoseconds spent executing 0 partial-flushes (flushing a total of 0 entities and 0 collections)
}
2022-08-24 00:01:43.997  INFO [USER,,] 9181 --- [main] i.StatisticalLoggingSessionEventListener : Session Metrics {
    0 nanoseconds spent acquiring 0 JDBC connections;
    0 nanoseconds spent releasing 0 JDBC connections;
    0 nanoseconds spent preparing 0 JDBC statements;
    0 nanoseconds spent executing 0 JDBC statements;
    0 nanoseconds spent executing 0 JDBC batches;
    0 nanoseconds spent performing 0 L2C puts;
    0 nanoseconds spent performing 0 L2C hits;
    0 nanoseconds spent performing 0 L2C misses;
    0 nanoseconds spent executing 0 flushes (flushing a total of 0 entities and 0 collections);
    0 nanoseconds spent executing 0 partial-flushes (flushing a total of 0 entities and 0 collections)
}
2022-08-24 00:01:44.060  INFO [USER,,] 9181 --- [main] i.StatisticalLoggingSessionEventListener : Session Metrics {
    0 nanoseconds spent acquiring 0 JDBC connections;
    0 nanoseconds spent releasing 0 JDBC connections;
    0 nanoseconds spent preparing 0 JDBC statements;
    0 nanoseconds spent executing 0 JDBC statements;
    0 nanoseconds spent executing 0 JDBC batches;
    0 nanoseconds spent performing 0 L2C puts;
    0 nanoseconds spent performing 0 L2C hits;
    0 nanoseconds spent performing 0 L2C misses;
    0 nanoseconds spent executing 0 flushes (flushing a total of 0 entities and 0 collections);
    0 nanoseconds spent executing 0 partial-flushes (flushing a total of 0 entities and 0 collections)
}
2022-08-24 00:01:44.063  INFO [USER,,] 9181 --- [main] i.StatisticalLoggingSessionEventListener : Session Metrics {
    0 nanoseconds spent acquiring 0 JDBC connections;
    0 nanoseconds spent releasing 0 JDBC connections;
    0 nanoseconds spent preparing 0 JDBC statements;
    0 nanoseconds spent executing 0 JDBC statements;
    0 nanoseconds spent executing 0 JDBC batches;
    0 nanoseconds spent performing 0 L2C puts;
    0 nanoseconds spent performing 0 L2C hits;
    0 nanoseconds spent performing 0 L2C misses;
    0 nanoseconds spent executing 0 flushes (flushing a total of 0 entities and 0 collections);
    0 nanoseconds spent executing 0 partial-flushes (flushing a total of 0 entities and 0 collections)
}
2022-08-24 00:01:44.168  INFO [USER,,] 9181 --- [main] i.StatisticalLoggingSessionEventListener : Session Metrics {
    0 nanoseconds spent acquiring 0 JDBC connections;
    0 nanoseconds spent releasing 0 JDBC connections;
    0 nanoseconds spent preparing 0 JDBC statements;
    0 nanoseconds spent executing 0 JDBC statements;
    0 nanoseconds spent executing 0 JDBC batches;
    0 nanoseconds spent performing 0 L2C puts;
    0 nanoseconds spent performing 0 L2C hits;
    0 nanoseconds spent performing 0 L2C misses;
    0 nanoseconds spent executing 0 flushes (flushing a total of 0 entities and 0 collections);
    0 nanoseconds spent executing 0 partial-flushes (flushing a total of 0 entities and 0 collections)
}
2022-08-24 00:01:44.170  INFO [USER,,] 9181 --- [main] i.StatisticalLoggingSessionEventListener : Session Metrics {
    0 nanoseconds spent acquiring 0 JDBC connections;
    0 nanoseconds spent releasing 0 JDBC connections;
    0 nanoseconds spent preparing 0 JDBC statements;
    0 nanoseconds spent executing 0 JDBC statements;
    0 nanoseconds spent executing 0 JDBC batches;
    0 nanoseconds spent performing 0 L2C puts;
    0 nanoseconds spent performing 0 L2C hits;
    0 nanoseconds spent performing 0 L2C misses;
    0 nanoseconds spent executing 0 flushes (flushing a total of 0 entities and 0 collections);
    0 nanoseconds spent executing 0 partial-flushes (flushing a total of 0 entities and 0 collections)
}
2022-08-24 00:01:44.180  INFO [USER,,] 9181 --- [main] i.StatisticalLoggingSessionEventListener : Session Metrics {
    0 nanoseconds spent acquiring 0 JDBC connections;
    0 nanoseconds spent releasing 0 JDBC connections;
    0 nanoseconds spent preparing 0 JDBC statements;
    0 nanoseconds spent executing 0 JDBC statements;
    0 nanoseconds spent executing 0 JDBC batches;
    0 nanoseconds spent performing 0 L2C puts;
    0 nanoseconds spent performing 0 L2C hits;
    0 nanoseconds spent performing 0 L2C misses;
    0 nanoseconds spent executing 0 flushes (flushing a total of 0 entities and 0 collections);
    0 nanoseconds spent executing 0 partial-flushes (flushing a total of 0 entities and 0 collections)
}
2022-08-24 00:01:44.181  INFO [USER,,] 9181 --- [main] i.StatisticalLoggingSessionEventListener : Session Metrics {
    0 nanoseconds spent acquiring 0 JDBC connections;
    0 nanoseconds spent releasing 0 JDBC connections;
    0 nanoseconds spent preparing 0 JDBC statements;
    0 nanoseconds spent executing 0 JDBC statements;
    0 nanoseconds spent executing 0 JDBC batches;
    0 nanoseconds spent performing 0 L2C puts;
    0 nanoseconds spent performing 0 L2C hits;
    0 nanoseconds spent performing 0 L2C misses;
    0 nanoseconds spent executing 0 flushes (flushing a total of 0 entities and 0 collections);
    0 nanoseconds spent executing 0 partial-flushes (flushing a total of 0 entities and 0 collections)
}
2022-08-24 00:01:45.694  INFO [USER,,] 9181 --- [main] o.s.b.a.e.web.EndpointLinksResolver      : Exposing 17 endpoint(s) beneath base path '/act'
2022-08-24 00:01:46.206  INFO [USER,,] 9181 --- [main] o.s.s.web.DefaultSecurityFilterChain     : Will secure any request with [org.springframework.security.web.context.request.async.WebAsyncManagerIntegrationFilter@60a3a0fa, org.springframework.security.web.context.SecurityContextPersistenceFilter@5b51a4c7, org.springframework.security.web.header.HeaderWriterFilter@1405dd10, org.springframework.security.web.authentication.logout.LogoutFilter@1694cbc, com.user.service.userservice.filter.CustomAuthorizationFilter@17734113, com.user.service.userservice.filter.CustomAuthenticationFilter@27aa700, org.springframework.security.web.savedrequest.RequestCacheAwareFilter@479f1d09, org.springframework.security.web.servletapi.SecurityContextHolderAwareRequestFilter@5319f536, org.springframework.security.web.authentication.AnonymousAuthenticationFilter@d15f98a, org.springframework.security.web.session.SessionManagementFilter@3f040f9e, org.springframework.security.web.access.ExceptionTranslationFilter@7528ece2, org.springframework.security.web.access.intercept.FilterSecurityInterceptor@232bfb3c]
2022-08-24 00:01:47.304  INFO [USER,,] 9181 --- [main] DiscoveryClientOptionalArgsConfiguration : Eureka HTTP Client uses RestTemplate.
2022-08-24 00:01:48.278  WARN [USER,,] 9181 --- [main] iguration$LoadBalancerCaffeineWarnLogger : Spring Cloud LoadBalancer is currently working with the default cache. While this cache implementation is useful for development and tests, it's recommended to use Caffeine cache in production.You can switch to using Caffeine cache, by adding it and org.springframework.cache.caffeine.CaffeineCacheManager to the classpath.
2022-08-24 00:01:48.471  INFO [USER,,] 9181 --- [main] o.s.c.n.eureka.InstanceInfoFactory       : Setting initial instance status as: STARTING
2022-08-24 00:01:48.825  INFO [USER,,] 9181 --- [main] com.netflix.discovery.DiscoveryClient    : Initializing Eureka in region us-east-1
2022-08-24 00:01:48.850  INFO [USER,,] 9181 --- [main] c.n.d.s.r.aws.ConfigClusterResolver      : Resolving eureka endpoints via configuration
2022-08-24 00:01:48.922  INFO [USER,,] 9181 --- [main] com.netflix.discovery.DiscoveryClient    : Disable delta property : false
2022-08-24 00:01:48.922  INFO [USER,,] 9181 --- [main] com.netflix.discovery.DiscoveryClient    : Single vip registry refresh property : null
2022-08-24 00:01:48.922  INFO [USER,,] 9181 --- [main] com.netflix.discovery.DiscoveryClient    : Force full registry fetch : false
2022-08-24 00:01:48.922  INFO [USER,,] 9181 --- [main] com.netflix.discovery.DiscoveryClient    : Application is null : false
2022-08-24 00:01:48.922  INFO [USER,,] 9181 --- [main] com.netflix.discovery.DiscoveryClient    : Registered Applications size is zero : true
2022-08-24 00:01:48.922  INFO [USER,,] 9181 --- [main] com.netflix.discovery.DiscoveryClient    : Application version is -1: true
2022-08-24 00:01:48.922  INFO [USER,,] 9181 --- [main] com.netflix.discovery.DiscoveryClient    : Getting all instance registry info from the eureka server
2022-08-24 00:01:49.561  INFO [USER,,] 9181 --- [main] com.netflix.discovery.DiscoveryClient    : The response status is 200
2022-08-24 00:01:49.564  INFO [USER,,] 9181 --- [main] com.netflix.discovery.DiscoveryClient    : Starting heartbeat executor: renew interval is: 30
2022-08-24 00:01:49.567  INFO [USER,,] 9181 --- [main] c.n.discovery.InstanceInfoReplicator     : InstanceInfoReplicator onDemand update allowed rate per min is 4
2022-08-24 00:01:49.600  INFO [USER,,] 9181 --- [main] com.netflix.discovery.DiscoveryClient    : Discovery Client initialized at timestamp 1661274109600 with initial instances count: 4
2022-08-24 00:01:49.608  INFO [USER,,] 9181 --- [main] o.s.c.n.e.s.EurekaServiceRegistry        : Registering application USER with eureka with status UP
2022-08-24 00:01:49.609  INFO [USER,,] 9181 --- [main] com.netflix.discovery.DiscoveryClient    : Saw local status change event StatusChangeEvent [timestamp=1661274109609, current=UP, previous=STARTING]
2022-08-24 00:01:49.610  INFO [USER,,] 9181 --- [DiscoveryClient-InstanceInfoReplicator-0] com.netflix.discovery.DiscoveryClient    : DiscoveryClient_USER/192.168.1.4:USER:8081: registering service...
2022-08-24 00:01:49.677  INFO [USER,,] 9181 --- [DiscoveryClient-InstanceInfoReplicator-0] com.netflix.discovery.DiscoveryClient    : DiscoveryClient_USER/192.168.1.4:USER:8081 - registration status: 204
2022-08-24 00:01:49.881  INFO [USER,,] 9181 --- [main] c.u.s.u.UserServiceApplicationTests      : Started UserServiceApplicationTests in 15.135 seconds (JVM running for 17.287)
2022-08-24 00:01:49.895  INFO [USER,,] 9181 --- [main] c.u.s.userservice.service.UserService    : saving new user andikaopp to the database
2022-08-24 00:01:50.196 TRACE [USER,,] 9181 --- [main] o.h.type.descriptor.sql.BasicBinder      : binding parameter [1] as [TIMESTAMP] - [2022-08-24T00:01:50.102881]
2022-08-24 00:01:50.201 TRACE [USER,,] 9181 --- [main] o.h.type.descriptor.sql.BasicBinder      : binding parameter [2] as [TIMESTAMP] - [2022-08-24T00:01:50.102881]
2022-08-24 00:01:50.202 TRACE [USER,,] 9181 --- [main] o.h.type.descriptor.sql.BasicBinder      : binding parameter [3] as [TIMESTAMP] - [null]
2022-08-24 00:01:50.204 TRACE [USER,,] 9181 --- [main] o.h.type.descriptor.sql.BasicBinder      : binding parameter [4] as [VARCHAR] - [andikaopp@gmail.com]
2022-08-24 00:01:50.206 TRACE [USER,,] 9181 --- [main] o.h.type.descriptor.sql.BasicBinder      : binding parameter [5] as [INTEGER] - [0]
2022-08-24 00:01:50.206 TRACE [USER,,] 9181 --- [main] o.h.type.descriptor.sql.BasicBinder      : binding parameter [6] as [VARCHAR] - [$2a$10$00Xpxl/vyUOCgidSApshY.iB0ScMk0qQlAb39qzf3SUSiEuhvhEGy]
2022-08-24 00:01:50.206 TRACE [USER,,] 9181 --- [main] o.h.type.descriptor.sql.BasicBinder      : binding parameter [7] as [VARCHAR] - [085645890621]
2022-08-24 00:01:50.206 TRACE [USER,,] 9181 --- [main] o.h.type.descriptor.sql.BasicBinder      : binding parameter [8] as [VARCHAR] - [andikaopp]
2022-08-24 00:01:50.525  INFO [USER,,] 9181 --- [main] i.StatisticalLoggingSessionEventListener : Session Metrics {
    347357 nanoseconds spent acquiring 1 JDBC connections;
    0 nanoseconds spent releasing 0 JDBC connections;
    56663546 nanoseconds spent preparing 1 JDBC statements;
    230589718 nanoseconds spent executing 1 JDBC statements;
    0 nanoseconds spent executing 0 JDBC batches;
    0 nanoseconds spent performing 0 L2C puts;
    0 nanoseconds spent performing 0 L2C hits;
    0 nanoseconds spent performing 0 L2C misses;
    8722733 nanoseconds spent executing 1 flushes (flushing a total of 1 entities and 1 collections);
    0 nanoseconds spent executing 0 partial-flushes (flushing a total of 0 entities and 0 collections)
}
2022-08-24 00:01:50.527  INFO [USER,,] 9181 --- [main] c.u.s.userservice.service.UserService    : saving new user julia to the database
2022-08-24 00:01:50.595 TRACE [USER,,] 9181 --- [main] o.h.type.descriptor.sql.BasicBinder      : binding parameter [1] as [TIMESTAMP] - [2022-08-24T00:01:50.594921]
2022-08-24 00:01:50.596 TRACE [USER,,] 9181 --- [main] o.h.type.descriptor.sql.BasicBinder      : binding parameter [2] as [TIMESTAMP] - [2022-08-24T00:01:50.594921]
2022-08-24 00:01:50.596 TRACE [USER,,] 9181 --- [main] o.h.type.descriptor.sql.BasicBinder      : binding parameter [3] as [TIMESTAMP] - [null]
2022-08-24 00:01:50.596 TRACE [USER,,] 9181 --- [main] o.h.type.descriptor.sql.BasicBinder      : binding parameter [4] as [VARCHAR] - [julia@gmail.com]
2022-08-24 00:01:50.596 TRACE [USER,,] 9181 --- [main] o.h.type.descriptor.sql.BasicBinder      : binding parameter [5] as [INTEGER] - [0]
2022-08-24 00:01:50.596 TRACE [USER,,] 9181 --- [main] o.h.type.descriptor.sql.BasicBinder      : binding parameter [6] as [VARCHAR] - [$2a$10$9nsas97VP2kpXonKN4aIzOyP7JA8S/0w6EEHGf8RPAlXYSuT5Jwgu]
2022-08-24 00:01:50.596 TRACE [USER,,] 9181 --- [main] o.h.type.descriptor.sql.BasicBinder      : binding parameter [7] as [VARCHAR] - [085645890621]
2022-08-24 00:01:50.596 TRACE [USER,,] 9181 --- [main] o.h.type.descriptor.sql.BasicBinder      : binding parameter [8] as [VARCHAR] - [julia]
2022-08-24 00:01:50.603  INFO [USER,,] 9181 --- [main] i.StatisticalLoggingSessionEventListener : Session Metrics {
    20219 nanoseconds spent acquiring 1 JDBC connections;
    0 nanoseconds spent releasing 0 JDBC connections;
    327241 nanoseconds spent preparing 1 JDBC statements;
    4602944 nanoseconds spent executing 1 JDBC statements;
    0 nanoseconds spent executing 0 JDBC batches;
    0 nanoseconds spent performing 0 L2C puts;
    0 nanoseconds spent performing 0 L2C hits;
    0 nanoseconds spent performing 0 L2C misses;
    218357 nanoseconds spent executing 1 flushes (flushing a total of 1 entities and 1 collections);
    0 nanoseconds spent executing 0 partial-flushes (flushing a total of 0 entities and 0 collections)
}
2022-08-24 00:01:50.604  INFO [USER,,] 9181 --- [main] c.u.s.userservice.service.UserService    : saving new role ROLE_ADMIN to the database
2022-08-24 00:01:50.606 TRACE [USER,,] 9181 --- [main] o.h.type.descriptor.sql.BasicBinder      : binding parameter [1] as [VARCHAR] - [ROLE_ADMIN]
2022-08-24 00:01:50.627  INFO [USER,,] 9181 --- [main] i.StatisticalLoggingSessionEventListener : Session Metrics {
    20149 nanoseconds spent acquiring 1 JDBC connections;
    0 nanoseconds spent releasing 0 JDBC connections;
    150910 nanoseconds spent preparing 1 JDBC statements;
    3871977 nanoseconds spent executing 1 JDBC statements;
    0 nanoseconds spent executing 0 JDBC batches;
    0 nanoseconds spent performing 0 L2C puts;
    0 nanoseconds spent performing 0 L2C hits;
    0 nanoseconds spent performing 0 L2C misses;
    89805 nanoseconds spent executing 1 flushes (flushing a total of 1 entities and 0 collections);
    0 nanoseconds spent executing 0 partial-flushes (flushing a total of 0 entities and 0 collections)
}
2022-08-24 00:01:50.627  INFO [USER,,] 9181 --- [main] c.u.s.userservice.service.UserService    : saving new role ROLE_SUPER_ADMIN to the database
2022-08-24 00:01:50.628 TRACE [USER,,] 9181 --- [main] o.h.type.descriptor.sql.BasicBinder      : binding parameter [1] as [VARCHAR] - [ROLE_SUPER_ADMIN]
2022-08-24 00:01:50.632  INFO [USER,,] 9181 --- [main] i.StatisticalLoggingSessionEventListener : Session Metrics {
    16905 nanoseconds spent acquiring 1 JDBC connections;
    0 nanoseconds spent releasing 0 JDBC connections;
    147902 nanoseconds spent preparing 1 JDBC statements;
    1975144 nanoseconds spent executing 1 JDBC statements;
    0 nanoseconds spent executing 0 JDBC batches;
    0 nanoseconds spent performing 0 L2C puts;
    0 nanoseconds spent performing 0 L2C hits;
    0 nanoseconds spent performing 0 L2C misses;
    99455 nanoseconds spent executing 1 flushes (flushing a total of 1 entities and 0 collections);
    0 nanoseconds spent executing 0 partial-flushes (flushing a total of 0 entities and 0 collections)
}
2022-08-24 00:01:50.633  INFO [USER,,] 9181 --- [main] c.u.s.userservice.service.UserService    : adding role ROLE_SUPER_ADMIN to user andikaopp
2022-08-24 00:01:50.787 TRACE [USER,,] 9181 --- [main] o.h.type.descriptor.sql.BasicBinder      : binding parameter [1] as [VARCHAR] - [andikaopp]
2022-08-24 00:01:50.789 TRACE [USER,,] 9181 --- [main] o.h.type.descriptor.sql.BasicExtractor   : extracted value ([id1_1_] : [BIGINT]) - [1]
2022-08-24 00:01:50.791 TRACE [USER,,] 9181 --- [main] o.h.type.descriptor.sql.BasicExtractor   : extracted value ([createda2_1_] : [TIMESTAMP]) - [2022-08-24T00:01:50]
2022-08-24 00:01:50.792 TRACE [USER,,] 9181 --- [main] o.h.type.descriptor.sql.BasicExtractor   : extracted value ([updateda3_1_] : [TIMESTAMP]) - [2022-08-24T00:01:50]
2022-08-24 00:01:50.792 TRACE [USER,,] 9181 --- [main] o.h.type.descriptor.sql.BasicExtractor   : extracted value ([deleteda4_1_] : [TIMESTAMP]) - [null]
2022-08-24 00:01:50.792 TRACE [USER,,] 9181 --- [main] o.h.type.descriptor.sql.BasicExtractor   : extracted value ([email5_1_] : [VARCHAR]) - [andikaopp@gmail.com]
2022-08-24 00:01:50.793 TRACE [USER,,] 9181 --- [main] o.h.type.descriptor.sql.BasicExtractor   : extracted value ([isdelete6_1_] : [INTEGER]) - [0]
2022-08-24 00:01:50.793 TRACE [USER,,] 9181 --- [main] o.h.type.descriptor.sql.BasicExtractor   : extracted value ([password7_1_] : [VARCHAR]) - [$2a$10$00Xpxl/vyUOCgidSApshY.iB0ScMk0qQlAb39qzf3SUSiEuhvhEGy]
2022-08-24 00:01:50.793 TRACE [USER,,] 9181 --- [main] o.h.type.descriptor.sql.BasicExtractor   : extracted value ([phone8_1_] : [VARCHAR]) - [085645890621]
2022-08-24 00:01:50.793 TRACE [USER,,] 9181 --- [main] o.h.type.descriptor.sql.BasicExtractor   : extracted value ([username9_1_] : [VARCHAR]) - [andikaopp]
2022-08-24 00:01:50.798 TRACE [USER,,] 9181 --- [main] o.h.type.descriptor.sql.BasicBinder      : binding parameter [1] as [BIGINT] - [1]
2022-08-24 00:01:50.808 TRACE [USER,,] 9181 --- [main] o.h.type.descriptor.sql.BasicBinder      : binding parameter [1] as [VARCHAR] - [ROLE_SUPER_ADMIN]
2022-08-24 00:01:50.809 TRACE [USER,,] 9181 --- [main] o.h.type.descriptor.sql.BasicExtractor   : extracted value ([id1_0_] : [BIGINT]) - [2]
2022-08-24 00:01:50.809 TRACE [USER,,] 9181 --- [main] o.h.type.descriptor.sql.BasicExtractor   : extracted value ([name2_0_] : [VARCHAR]) - [ROLE_SUPER_ADMIN]
2022-08-24 00:01:50.816 TRACE [USER,,] 9181 --- [main] o.h.type.descriptor.sql.BasicBinder      : binding parameter [1] as [BIGINT] - [1]
2022-08-24 00:01:50.816 TRACE [USER,,] 9181 --- [main] o.h.type.descriptor.sql.BasicBinder      : binding parameter [2] as [BIGINT] - [2]
2022-08-24 00:01:50.842  INFO [USER,,] 9181 --- [main] i.StatisticalLoggingSessionEventListener : Session Metrics {
    17834 nanoseconds spent acquiring 1 JDBC connections;
    0 nanoseconds spent releasing 0 JDBC connections;
    722324 nanoseconds spent preparing 4 JDBC statements;
    25638956 nanoseconds spent executing 4 JDBC statements;
    0 nanoseconds spent executing 0 JDBC batches;
    0 nanoseconds spent performing 0 L2C puts;
    0 nanoseconds spent performing 0 L2C hits;
    0 nanoseconds spent performing 0 L2C misses;
    30787641 nanoseconds spent executing 1 flushes (flushing a total of 2 entities and 1 collections);
    224556 nanoseconds spent executing 2 partial-flushes (flushing a total of 1 entities and 1 collections)
}
2022-08-24 00:01:50.844  INFO [USER,,] 9181 --- [main] c.u.s.userservice.service.UserService    : adding role ROLE_ADMIN to user julia
2022-08-24 00:01:50.845 TRACE [USER,,] 9181 --- [main] o.h.type.descriptor.sql.BasicBinder      : binding parameter [1] as [VARCHAR] - [julia]
2022-08-24 00:01:50.845 TRACE [USER,,] 9181 --- [main] o.h.type.descriptor.sql.BasicExtractor   : extracted value ([id1_1_] : [BIGINT]) - [2]
2022-08-24 00:01:50.846 TRACE [USER,,] 9181 --- [main] o.h.type.descriptor.sql.BasicExtractor   : extracted value ([createda2_1_] : [TIMESTAMP]) - [2022-08-24T00:01:51]
2022-08-24 00:01:50.846 TRACE [USER,,] 9181 --- [main] o.h.type.descriptor.sql.BasicExtractor   : extracted value ([updateda3_1_] : [TIMESTAMP]) - [2022-08-24T00:01:51]
2022-08-24 00:01:50.846 TRACE [USER,,] 9181 --- [main] o.h.type.descriptor.sql.BasicExtractor   : extracted value ([deleteda4_1_] : [TIMESTAMP]) - [null]
2022-08-24 00:01:50.846 TRACE [USER,,] 9181 --- [main] o.h.type.descriptor.sql.BasicExtractor   : extracted value ([email5_1_] : [VARCHAR]) - [julia@gmail.com]
2022-08-24 00:01:50.846 TRACE [USER,,] 9181 --- [main] o.h.type.descriptor.sql.BasicExtractor   : extracted value ([isdelete6_1_] : [INTEGER]) - [0]
2022-08-24 00:01:50.846 TRACE [USER,,] 9181 --- [main] o.h.type.descriptor.sql.BasicExtractor   : extracted value ([password7_1_] : [VARCHAR]) - [$2a$10$9nsas97VP2kpXonKN4aIzOyP7JA8S/0w6EEHGf8RPAlXYSuT5Jwgu]
2022-08-24 00:01:50.846 TRACE [USER,,] 9181 --- [main] o.h.type.descriptor.sql.BasicExtractor   : extracted value ([phone8_1_] : [VARCHAR]) - [085645890621]
2022-08-24 00:01:50.846 TRACE [USER,,] 9181 --- [main] o.h.type.descriptor.sql.BasicExtractor   : extracted value ([username9_1_] : [VARCHAR]) - [julia]
2022-08-24 00:01:50.847 TRACE [USER,,] 9181 --- [main] o.h.type.descriptor.sql.BasicBinder      : binding parameter [1] as [BIGINT] - [2]
2022-08-24 00:01:50.850 TRACE [USER,,] 9181 --- [main] o.h.type.descriptor.sql.BasicBinder      : binding parameter [1] as [VARCHAR] - [ROLE_ADMIN]
2022-08-24 00:01:50.852 TRACE [USER,,] 9181 --- [main] o.h.type.descriptor.sql.BasicExtractor   : extracted value ([id1_0_] : [BIGINT]) - [1]
2022-08-24 00:01:50.853 TRACE [USER,,] 9181 --- [main] o.h.type.descriptor.sql.BasicExtractor   : extracted value ([name2_0_] : [VARCHAR]) - [ROLE_ADMIN]
2022-08-24 00:01:50.853 TRACE [USER,,] 9181 --- [main] o.h.type.descriptor.sql.BasicBinder      : binding parameter [1] as [BIGINT] - [2]
2022-08-24 00:01:50.854 TRACE [USER,,] 9181 --- [main] o.h.type.descriptor.sql.BasicBinder      : binding parameter [2] as [BIGINT] - [1]
2022-08-24 00:01:50.905  INFO [USER,,] 9181 --- [main] i.StatisticalLoggingSessionEventListener : Session Metrics {
    63081 nanoseconds spent acquiring 1 JDBC connections;
    0 nanoseconds spent releasing 0 JDBC connections;
    599291 nanoseconds spent preparing 4 JDBC statements;
    6646823 nanoseconds spent executing 4 JDBC statements;
    0 nanoseconds spent executing 0 JDBC batches;
    0 nanoseconds spent performing 0 L2C puts;
    0 nanoseconds spent performing 0 L2C hits;
    0 nanoseconds spent performing 0 L2C misses;
    3143085 nanoseconds spent executing 1 flushes (flushing a total of 2 entities and 1 collections);
    178673 nanoseconds spent executing 2 partial-flushes (flushing a total of 1 entities and 1 collections)
}
2022-08-24 00:01:51.354 TRACE [USER,,] 9181 --- [main] o.h.type.descriptor.sql.BasicBinder      : binding parameter [1] as [VARCHAR] - [andikaopp]
2022-08-24 00:01:51.355 TRACE [USER,,] 9181 --- [main] o.h.type.descriptor.sql.BasicExtractor   : extracted value ([id1_1_] : [BIGINT]) - [1]
2022-08-24 00:01:51.355 TRACE [USER,,] 9181 --- [main] o.h.type.descriptor.sql.BasicExtractor   : extracted value ([createda2_1_] : [TIMESTAMP]) - [2022-08-24T00:01:50]
2022-08-24 00:01:51.356 TRACE [USER,,] 9181 --- [main] o.h.type.descriptor.sql.BasicExtractor   : extracted value ([updateda3_1_] : [TIMESTAMP]) - [2022-08-24T00:01:50]
2022-08-24 00:01:51.356 TRACE [USER,,] 9181 --- [main] o.h.type.descriptor.sql.BasicExtractor   : extracted value ([deleteda4_1_] : [TIMESTAMP]) - [null]
2022-08-24 00:01:51.356 TRACE [USER,,] 9181 --- [main] o.h.type.descriptor.sql.BasicExtractor   : extracted value ([email5_1_] : [VARCHAR]) - [andikaopp@gmail.com]
2022-08-24 00:01:51.356 TRACE [USER,,] 9181 --- [main] o.h.type.descriptor.sql.BasicExtractor   : extracted value ([isdelete6_1_] : [INTEGER]) - [0]
2022-08-24 00:01:51.356 TRACE [USER,,] 9181 --- [main] o.h.type.descriptor.sql.BasicExtractor   : extracted value ([password7_1_] : [VARCHAR]) - [$2a$10$00Xpxl/vyUOCgidSApshY.iB0ScMk0qQlAb39qzf3SUSiEuhvhEGy]
2022-08-24 00:01:51.356 TRACE [USER,,] 9181 --- [main] o.h.type.descriptor.sql.BasicExtractor   : extracted value ([phone8_1_] : [VARCHAR]) - [085645890621]
2022-08-24 00:01:51.356 TRACE [USER,,] 9181 --- [main] o.h.type.descriptor.sql.BasicExtractor   : extracted value ([username9_1_] : [VARCHAR]) - [andikaopp]
2022-08-24 00:01:51.356 TRACE [USER,,] 9181 --- [main] o.h.type.descriptor.sql.BasicBinder      : binding parameter [1] as [BIGINT] - [1]
2022-08-24 00:01:51.358 TRACE [USER,,] 9181 --- [main] o.h.type.descriptor.sql.BasicExtractor   : extracted value ([id1_0_1_] : [BIGINT]) - [2]
2022-08-24 00:01:51.358 TRACE [USER,,] 9181 --- [main] o.h.type.descriptor.sql.BasicExtractor   : extracted value ([name2_0_1_] : [VARCHAR]) - [ROLE_SUPER_ADMIN]
2022-08-24 00:01:51.358 TRACE [USER,,] 9181 --- [main] o.h.type.descriptor.sql.BasicExtractor   : extracted value ([user_id1_2_0_] : [BIGINT]) - [1]
2022-08-24 00:01:51.358 TRACE [USER,,] 9181 --- [main] o.h.type.descriptor.sql.BasicExtractor   : extracted value ([roles_id2_2_0_] : [BIGINT]) - [2]
2022-08-24 00:01:51.362  INFO [USER,,] 9181 --- [main] i.StatisticalLoggingSessionEventListener : Session Metrics {
    38157 nanoseconds spent acquiring 1 JDBC connections;
    0 nanoseconds spent releasing 0 JDBC connections;
    342727 nanoseconds spent preparing 2 JDBC statements;
    1183503 nanoseconds spent executing 2 JDBC statements;
    0 nanoseconds spent executing 0 JDBC batches;
    0 nanoseconds spent performing 0 L2C puts;
    0 nanoseconds spent performing 0 L2C hits;
    0 nanoseconds spent performing 0 L2C misses;
    0 nanoseconds spent executing 0 flushes (flushing a total of 0 entities and 0 collections);
    0 nanoseconds spent executing 0 partial-flushes (flushing a total of 0 entities and 0 collections)
}
2022-08-24 00:01:51.417 TRACE [USER,,] 9181 --- [main] o.h.type.descriptor.sql.BasicBinder      : binding parameter [1] as [TIMESTAMP] - [2022-08-24T00:01:51.416639]
2022-08-24 00:01:51.417 TRACE [USER,,] 9181 --- [main] o.h.type.descriptor.sql.BasicBinder      : binding parameter [2] as [TIMESTAMP] - [2022-08-24T00:01:51.416639]
2022-08-24 00:01:51.417 TRACE [USER,,] 9181 --- [main] o.h.type.descriptor.sql.BasicBinder      : binding parameter [3] as [TIMESTAMP] - [null]
2022-08-24 00:01:51.418 TRACE [USER,,] 9181 --- [main] o.h.type.descriptor.sql.BasicBinder      : binding parameter [4] as [VARCHAR] - [tester@email.com]
2022-08-24 00:01:51.418 TRACE [USER,,] 9181 --- [main] o.h.type.descriptor.sql.BasicBinder      : binding parameter [5] as [INTEGER] - [0]
2022-08-24 00:01:51.418 TRACE [USER,,] 9181 --- [main] o.h.type.descriptor.sql.BasicBinder      : binding parameter [6] as [VARCHAR] - [password]
2022-08-24 00:01:51.418 TRACE [USER,,] 9181 --- [main] o.h.type.descriptor.sql.BasicBinder      : binding parameter [7] as [VARCHAR] - [085645890621]
2022-08-24 00:01:51.418 TRACE [USER,,] 9181 --- [main] o.h.type.descriptor.sql.BasicBinder      : binding parameter [8] as [VARCHAR] - [User tester]
2022-08-24 00:01:51.635  INFO [USER,,] 9181 --- [main] i.StatisticalLoggingSessionEventListener : Session Metrics {
    27627 nanoseconds spent acquiring 1 JDBC connections;
    0 nanoseconds spent releasing 0 JDBC connections;
    216246 nanoseconds spent preparing 1 JDBC statements;
    214829015 nanoseconds spent executing 1 JDBC statements;
    0 nanoseconds spent executing 0 JDBC batches;
    0 nanoseconds spent performing 0 L2C puts;
    0 nanoseconds spent performing 0 L2C hits;
    0 nanoseconds spent performing 0 L2C misses;
    229646 nanoseconds spent executing 1 flushes (flushing a total of 1 entities and 1 collections);
    0 nanoseconds spent executing 0 partial-flushes (flushing a total of 0 entities and 0 collections)
}
2022-08-24 00:01:51.642  INFO [USER,,] 9181 --- [SpringApplicationShutdownHook] o.s.c.n.e.s.EurekaServiceRegistry        : Unregistering application USER with eureka with status DOWN
2022-08-24 00:01:51.642  INFO [USER,,] 9181 --- [SpringApplicationShutdownHook] com.netflix.discovery.DiscoveryClient    : Saw local status change event StatusChangeEvent [timestamp=1661274111642, current=DOWN, previous=UP]
2022-08-24 00:01:51.642  INFO [USER,,] 9181 --- [DiscoveryClient-InstanceInfoReplicator-0] com.netflix.discovery.DiscoveryClient    : DiscoveryClient_USER/192.168.1.4:USER:8081: registering service...
2022-08-24 00:01:51.645  INFO [USER,,] 9181 --- [DiscoveryClient-InstanceInfoReplicator-0] com.netflix.discovery.DiscoveryClient    : DiscoveryClient_USER/192.168.1.4:USER:8081 - registration status: 204
2022-08-24 00:01:52.657  INFO [USER,,] 9181 --- [SpringApplicationShutdownHook] j.LocalContainerEntityManagerFactoryBean : Closing JPA EntityManagerFactory for persistence unit 'default'
2022-08-24 00:01:52.658  INFO [USER,,] 9181 --- [SpringApplicationShutdownHook] com.zaxxer.hikari.HikariDataSource       : HikariPool-1 - Shutdown initiated...
2022-08-24 00:01:52.678  INFO [USER,,] 9181 --- [SpringApplicationShutdownHook] com.zaxxer.hikari.HikariDataSource       : HikariPool-1 - Shutdown completed.
2022-08-24 00:01:52.678  INFO [USER,,] 9181 --- [SpringApplicationShutdownHook] com.netflix.discovery.DiscoveryClient    : Shutting down DiscoveryClient ...
2022-08-24 00:01:55.680  INFO [USER,,] 9181 --- [SpringApplicationShutdownHook] com.netflix.discovery.DiscoveryClient    : Unregistering ...
2022-08-24 00:01:55.686  INFO [USER,,] 9181 --- [SpringApplicationShutdownHook] com.netflix.discovery.DiscoveryClient    : DiscoveryClient_USER/192.168.1.4:USER:8081 - deregister  status: 200
2022-08-24 00:01:55.690  INFO [USER,,] 9181 --- [SpringApplicationShutdownHook] com.netflix.discovery.DiscoveryClient    : Completed shut down of DiscoveryClient
